The system is: Linux - 4.15.0-65-generic - x86_64
Compiling the C compiler identification source file "CMakeCCompilerId.c" succeeded.
Compiler: /usr/bin/cc 
Build flags: 
Id flags: 

The output was:
0


Compilation of the C compiler identification source "CMakeCCompilerId.c" produced "a.out"

The C compiler identification is GNU, found in "/home/vineesha/Documents/mraa/build/CMakeFiles/3.5.1/CompilerIdC/a.out"

Compiling the CXX compiler identification source file "CMakeCXXCompilerId.cpp" succeeded.
Compiler: /usr/bin/c++ 
Build flags: 
Id flags: 

The output was:
0


Compilation of the CXX compiler identification source "CMakeCXXCompilerId.cpp" produced "a.out"

The CXX compiler identification is GNU, found in "/home/vineesha/Documents/mraa/build/CMakeFiles/3.5.1/CompilerIdCXX/a.out"

Determining if the C compiler works passed with the following output:
Change Dir: /home/vineesha/Documents/mraa/build/CMakeFiles/CMakeTmp

Run Build Command:"/usr/bin/make" "cmTC_08bb3/fast"
/usr/bin/make -f CMakeFiles/cmTC_08bb3.dir/build.make CMakeFiles/cmTC_08bb3.dir/build
make[1]: Entering directory '/home/vineesha/Documents/mraa/build/CMakeFiles/CMakeTmp'
Building C object CMakeFiles/cmTC_08bb3.dir/testCCompiler.c.o
/usr/bin/cc     -o CMakeFiles/cmTC_08bb3.dir/testCCompiler.c.o   -c /home/vineesha/Documents/mraa/build/CMakeFiles/CMakeTmp/testCCompiler.c
Linking C executable cmTC_08bb3
/usr/bin/cmake -E cmake_link_script CMakeFiles/cmTC_08bb3.dir/link.txt --verbose=1
/usr/bin/cc       CMakeFiles/cmTC_08bb3.dir/testCCompiler.c.o  -o cmTC_08bb3 -rdynamic 
make[1]: Leaving directory '/home/vineesha/Documents/mraa/build/CMakeFiles/CMakeTmp'


Detecting C compiler ABI info compiled with the following output:
Change Dir: /home/vineesha/Documents/mraa/build/CMakeFiles/CMakeTmp

Run Build Command:"/usr/bin/make" "cmTC_75d44/fast"
/usr/bin/make -f CMakeFiles/cmTC_75d44.dir/build.make CMakeFiles/cmTC_75d44.dir/build
make[1]: Entering directory '/home/vineesha/Documents/mraa/build/CMakeFiles/CMakeTmp'
Building C object CMakeFiles/cmTC_75d44.dir/CMakeCCompilerABI.c.o
/usr/bin/cc     -o CMakeFiles/cmTC_75d44.dir/CMakeCCompilerABI.c.o   -c /usr/share/cmake-3.5/Modules/CMakeCCompilerABI.c
Linking C executable cmTC_75d44
/usr/bin/cmake -E cmake_link_script CMakeFiles/cmTC_75d44.dir/link.txt --verbose=1
/usr/bin/cc      -v CMakeFiles/cmTC_75d44.dir/CMakeCCompilerABI.c.o  -o cmTC_75d44 -rdynamic  
Using built-in specs.
COLLECT_GCC=/usr/bin/cc
COLLECT_LTO_WRAPPER=/usr/lib/gcc/x86_64-linux-gnu/5/lto-wrapper
Target: x86_64-linux-gnu
Configured with: ../src/configure -v --with-pkgversion='Ubuntu 5.4.0-6ubuntu1~16.04.12' --with-bugurl=file:///usr/share/doc/gcc-5/README.Bugs --enable-languages=c,ada,c++,java,go,d,fortran,objc,obj-c++ --prefix=/usr --program-suffix=-5 --enable-shared --enable-linker-build-id --libexecdir=/usr/lib --without-included-gettext --enable-threads=posix --libdir=/usr/lib --enable-nls --with-sysroot=/ --enable-clocale=gnu --enable-libstdcxx-debug --enable-libstdcxx-time=yes --with-default-libstdcxx-abi=new --enable-gnu-unique-object --disable-vtable-verify --enable-libmpx --enable-plugin --with-system-zlib --disable-browser-plugin --enable-java-awt=gtk --enable-gtk-cairo --with-java-home=/usr/lib/jvm/java-1.5.0-gcj-5-amd64/jre --enable-java-home --with-jvm-root-dir=/usr/lib/jvm/java-1.5.0-gcj-5-amd64 --with-jvm-jar-dir=/usr/lib/jvm-exports/java-1.5.0-gcj-5-amd64 --with-arch-directory=amd64 --with-ecj-jar=/usr/share/java/eclipse-ecj.jar --enable-objc-gc --enable-multiarch --disable-werror --with-arch-32=i686 --with-abi=m64 --with-multilib-list=m32,m64,mx32 --enable-multilib --with-tune=generic --enable-checking=release --build=x86_64-linux-gnu --host=x86_64-linux-gnu --target=x86_64-linux-gnu
Thread model: posix
gcc version 5.4.0 20160609 (Ubuntu 5.4.0-6ubuntu1~16.04.12) 
COMPILER_PATH=/usr/lib/gcc/x86_64-linux-gnu/5/:/usr/lib/gcc/x86_64-linux-gnu/5/:/usr/lib/gcc/x86_64-linux-gnu/:/usr/lib/gcc/x86_64-linux-gnu/5/:/usr/lib/gcc/x86_64-linux-gnu/
LIBRARY_PATH=/usr/lib/gcc/x86_64-linux-gnu/5/:/usr/lib/gcc/x86_64-linux-gnu/5/../../../x86_64-linux-gnu/:/usr/lib/gcc/x86_64-linux-gnu/5/../../../../lib/:/lib/x86_64-linux-gnu/:/lib/../lib/:/usr/lib/x86_64-linux-gnu/:/usr/lib/../lib/:/usr/lib/gcc/x86_64-linux-gnu/5/../../../:/lib/:/usr/lib/
COLLECT_GCC_OPTIONS='-v' '-o' 'cmTC_75d44' '-rdynamic' '-mtune=generic' '-march=x86-64'
 /usr/lib/gcc/x86_64-linux-gnu/5/collect2 -plugin /usr/lib/gcc/x86_64-linux-gnu/5/liblto_plugin.so -plugin-opt=/usr/lib/gcc/x86_64-linux-gnu/5/lto-wrapper -plugin-opt=-fresolution=/tmp/cc5mOuQC.res -plugin-opt=-pass-through=-lgcc -plugin-opt=-pass-through=-lgcc_s -plugin-opt=-pass-through=-lc -plugin-opt=-pass-through=-lgcc -plugin-opt=-pass-through=-lgcc_s --sysroot=/ --build-id --eh-frame-hdr -m elf_x86_64 --hash-style=gnu --as-needed -export-dynamic -dynamic-linker /lib64/ld-linux-x86-64.so.2 -z relro -o cmTC_75d44 /usr/lib/gcc/x86_64-linux-gnu/5/../../../x86_64-linux-gnu/crt1.o /usr/lib/gcc/x86_64-linux-gnu/5/../../../x86_64-linux-gnu/crti.o /usr/lib/gcc/x86_64-linux-gnu/5/crtbegin.o -L/usr/lib/gcc/x86_64-linux-gnu/5 -L/usr/lib/gcc/x86_64-linux-gnu/5/../../../x86_64-linux-gnu -L/usr/lib/gcc/x86_64-linux-gnu/5/../../../../lib -L/lib/x86_64-linux-gnu -L/lib/../lib -L/usr/lib/x86_64-linux-gnu -L/usr/lib/../lib -L/usr/lib/gcc/x86_64-linux-gnu/5/../../.. CMakeFiles/cmTC_75d44.dir/CMakeCCompilerABI.c.o -lgcc --as-needed -lgcc_s --no-as-needed -lc -lgcc --as-needed -lgcc_s --no-as-needed /usr/lib/gcc/x86_64-linux-gnu/5/crtend.o /usr/lib/gcc/x86_64-linux-gnu/5/../../../x86_64-linux-gnu/crtn.o
make[1]: Leaving directory '/home/vineesha/Documents/mraa/build/CMakeFiles/CMakeTmp'


Parsed C implicit link information from above output:
  link line regex: [^( *|.*[/\])(ld|([^/\]+-)?ld|collect2)[^/\]*( |$)]
  ignore line: [Change Dir: /home/vineesha/Documents/mraa/build/CMakeFiles/CMakeTmp]
  ignore line: []
  ignore line: [Run Build Command:"/usr/bin/make" "cmTC_75d44/fast"]
  ignore line: [/usr/bin/make -f CMakeFiles/cmTC_75d44.dir/build.make CMakeFiles/cmTC_75d44.dir/build]
  ignore line: [make[1]: Entering directory '/home/vineesha/Documents/mraa/build/CMakeFiles/CMakeTmp']
  ignore line: [Building C object CMakeFiles/cmTC_75d44.dir/CMakeCCompilerABI.c.o]
  ignore line: [/usr/bin/cc     -o CMakeFiles/cmTC_75d44.dir/CMakeCCompilerABI.c.o   -c /usr/share/cmake-3.5/Modules/CMakeCCompilerABI.c]
  ignore line: [Linking C executable cmTC_75d44]
  ignore line: [/usr/bin/cmake -E cmake_link_script CMakeFiles/cmTC_75d44.dir/link.txt --verbose=1]
  ignore line: [/usr/bin/cc      -v CMakeFiles/cmTC_75d44.dir/CMakeCCompilerABI.c.o  -o cmTC_75d44 -rdynamic  ]
  ignore line: [Using built-in specs.]
  ignore line: [COLLECT_GCC=/usr/bin/cc]
  ignore line: [COLLECT_LTO_WRAPPER=/usr/lib/gcc/x86_64-linux-gnu/5/lto-wrapper]
  ignore line: [Target: x86_64-linux-gnu]
  ignore line: [Configured with: ../src/configure -v --with-pkgversion='Ubuntu 5.4.0-6ubuntu1~16.04.12' --with-bugurl=file:///usr/share/doc/gcc-5/README.Bugs --enable-languages=c,ada,c++,java,go,d,fortran,objc,obj-c++ --prefix=/usr --program-suffix=-5 --enable-shared --enable-linker-build-id --libexecdir=/usr/lib --without-included-gettext --enable-threads=posix --libdir=/usr/lib --enable-nls --with-sysroot=/ --enable-clocale=gnu --enable-libstdcxx-debug --enable-libstdcxx-time=yes --with-default-libstdcxx-abi=new --enable-gnu-unique-object --disable-vtable-verify --enable-libmpx --enable-plugin --with-system-zlib --disable-browser-plugin --enable-java-awt=gtk --enable-gtk-cairo --with-java-home=/usr/lib/jvm/java-1.5.0-gcj-5-amd64/jre --enable-java-home --with-jvm-root-dir=/usr/lib/jvm/java-1.5.0-gcj-5-amd64 --with-jvm-jar-dir=/usr/lib/jvm-exports/java-1.5.0-gcj-5-amd64 --with-arch-directory=amd64 --with-ecj-jar=/usr/share/java/eclipse-ecj.jar --enable-objc-gc --enable-multiarch --disable-werror --with-arch-32=i686 --with-abi=m64 --with-multilib-list=m32,m64,mx32 --enable-multilib --with-tune=generic --enable-checking=release --build=x86_64-linux-gnu --host=x86_64-linux-gnu --target=x86_64-linux-gnu]
  ignore line: [Thread model: posix]
  ignore line: [gcc version 5.4.0 20160609 (Ubuntu 5.4.0-6ubuntu1~16.04.12) ]
  ignore line: [COMPILER_PATH=/usr/lib/gcc/x86_64-linux-gnu/5/:/usr/lib/gcc/x86_64-linux-gnu/5/:/usr/lib/gcc/x86_64-linux-gnu/:/usr/lib/gcc/x86_64-linux-gnu/5/:/usr/lib/gcc/x86_64-linux-gnu/]
  ignore line: [LIBRARY_PATH=/usr/lib/gcc/x86_64-linux-gnu/5/:/usr/lib/gcc/x86_64-linux-gnu/5/../../../x86_64-linux-gnu/:/usr/lib/gcc/x86_64-linux-gnu/5/../../../../lib/:/lib/x86_64-linux-gnu/:/lib/../lib/:/usr/lib/x86_64-linux-gnu/:/usr/lib/../lib/:/usr/lib/gcc/x86_64-linux-gnu/5/../../../:/lib/:/usr/lib/]
  ignore line: [COLLECT_GCC_OPTIONS='-v' '-o' 'cmTC_75d44' '-rdynamic' '-mtune=generic' '-march=x86-64']
  link line: [ /usr/lib/gcc/x86_64-linux-gnu/5/collect2 -plugin /usr/lib/gcc/x86_64-linux-gnu/5/liblto_plugin.so -plugin-opt=/usr/lib/gcc/x86_64-linux-gnu/5/lto-wrapper -plugin-opt=-fresolution=/tmp/cc5mOuQC.res -plugin-opt=-pass-through=-lgcc -plugin-opt=-pass-through=-lgcc_s -plugin-opt=-pass-through=-lc -plugin-opt=-pass-through=-lgcc -plugin-opt=-pass-through=-lgcc_s --sysroot=/ --build-id --eh-frame-hdr -m elf_x86_64 --hash-style=gnu --as-needed -export-dynamic -dynamic-linker /lib64/ld-linux-x86-64.so.2 -z relro -o cmTC_75d44 /usr/lib/gcc/x86_64-linux-gnu/5/../../../x86_64-linux-gnu/crt1.o /usr/lib/gcc/x86_64-linux-gnu/5/../../../x86_64-linux-gnu/crti.o /usr/lib/gcc/x86_64-linux-gnu/5/crtbegin.o -L/usr/lib/gcc/x86_64-linux-gnu/5 -L/usr/lib/gcc/x86_64-linux-gnu/5/../../../x86_64-linux-gnu -L/usr/lib/gcc/x86_64-linux-gnu/5/../../../../lib -L/lib/x86_64-linux-gnu -L/lib/../lib -L/usr/lib/x86_64-linux-gnu -L/usr/lib/../lib -L/usr/lib/gcc/x86_64-linux-gnu/5/../../.. CMakeFiles/cmTC_75d44.dir/CMakeCCompilerABI.c.o -lgcc --as-needed -lgcc_s --no-as-needed -lc -lgcc --as-needed -lgcc_s --no-as-needed /usr/lib/gcc/x86_64-linux-gnu/5/crtend.o /usr/lib/gcc/x86_64-linux-gnu/5/../../../x86_64-linux-gnu/crtn.o]
    arg [/usr/lib/gcc/x86_64-linux-gnu/5/collect2] ==> ignore
    arg [-plugin] ==> ignore
    arg [/usr/lib/gcc/x86_64-linux-gnu/5/liblto_plugin.so] ==> ignore
    arg [-plugin-opt=/usr/lib/gcc/x86_64-linux-gnu/5/lto-wrapper] ==> ignore
    arg [-plugin-opt=-fresolution=/tmp/cc5mOuQC.res] ==> ignore
    arg [-plugin-opt=-pass-through=-lgcc] ==> ignore
    arg [-plugin-opt=-pass-through=-lgcc_s] ==> ignore
    arg [-plugin-opt=-pass-through=-lc] ==> ignore
    arg [-plugin-opt=-pass-through=-lgcc] ==> ignore
    arg [-plugin-opt=-pass-through=-lgcc_s] ==> ignore
    arg [--sysroot=/] ==> ignore
    arg [--build-id] ==> ignore
    arg [--eh-frame-hdr] ==> ignore
    arg [-m] ==> ignore
    arg [elf_x86_64] ==> ignore
    arg [--hash-style=gnu] ==> ignore
    arg [--as-needed] ==> ignore
    arg [-export-dynamic] ==> ignore
    arg [-dynamic-linker] ==> ignore
    arg [/lib64/ld-linux-x86-64.so.2] ==> ignore
    arg [-zrelro] ==> ignore
    arg [-o] ==> ignore
    arg [cmTC_75d44] ==> ignore
    arg [/usr/lib/gcc/x86_64-linux-gnu/5/../../../x86_64-linux-gnu/crt1.o] ==> ignore
    arg [/usr/lib/gcc/x86_64-linux-gnu/5/../../../x86_64-linux-gnu/crti.o] ==> ignore
    arg [/usr/lib/gcc/x86_64-linux-gnu/5/crtbegin.o] ==> ignore
    arg [-L/usr/lib/gcc/x86_64-linux-gnu/5] ==> dir [/usr/lib/gcc/x86_64-linux-gnu/5]
    arg [-L/usr/lib/gcc/x86_64-linux-gnu/5/../../../x86_64-linux-gnu] ==> dir [/usr/lib/gcc/x86_64-linux-gnu/5/../../../x86_64-linux-gnu]
    arg [-L/usr/lib/gcc/x86_64-linux-gnu/5/../../../../lib] ==> dir [/usr/lib/gcc/x86_64-linux-gnu/5/../../../../lib]
    arg [-L/lib/x86_64-linux-gnu] ==> dir [/lib/x86_64-linux-gnu]
    arg [-L/lib/../lib] ==> dir [/lib/../lib]
    arg [-L/usr/lib/x86_64-linux-gnu] ==> dir [/usr/lib/x86_64-linux-gnu]
    arg [-L/usr/lib/../lib] ==> dir [/usr/lib/../lib]
    arg [-L/usr/lib/gcc/x86_64-linux-gnu/5/../../..] ==> dir [/usr/lib/gcc/x86_64-linux-gnu/5/../../..]
    arg [CMakeFiles/cmTC_75d44.dir/CMakeCCompilerABI.c.o] ==> ignore
    arg [-lgcc] ==> lib [gcc]
    arg [--as-needed] ==> ignore
    arg [-lgcc_s] ==> lib [gcc_s]
    arg [--no-as-needed] ==> ignore
    arg [-lc] ==> lib [c]
    arg [-lgcc] ==> lib [gcc]
    arg [--as-needed] ==> ignore
    arg [-lgcc_s] ==> lib [gcc_s]
    arg [--no-as-needed] ==> ignore
    arg [/usr/lib/gcc/x86_64-linux-gnu/5/crtend.o] ==> ignore
    arg [/usr/lib/gcc/x86_64-linux-gnu/5/../../../x86_64-linux-gnu/crtn.o] ==> ignore
  remove lib [gcc]
  remove lib [gcc_s]
  remove lib [gcc]
  remove lib [gcc_s]
  collapse library dir [/usr/lib/gcc/x86_64-linux-gnu/5] ==> [/usr/lib/gcc/x86_64-linux-gnu/5]
  collapse library dir [/usr/lib/gcc/x86_64-linux-gnu/5/../../../x86_64-linux-gnu] ==> [/usr/lib/x86_64-linux-gnu]
  collapse library dir [/usr/lib/gcc/x86_64-linux-gnu/5/../../../../lib] ==> [/usr/lib]
  collapse library dir [/lib/x86_64-linux-gnu] ==> [/lib/x86_64-linux-gnu]
  collapse library dir [/lib/../lib] ==> [/lib]
  collapse library dir [/usr/lib/x86_64-linux-gnu] ==> [/usr/lib/x86_64-linux-gnu]
  collapse library dir [/usr/lib/../lib] ==> [/usr/lib]
  collapse library dir [/usr/lib/gcc/x86_64-linux-gnu/5/../../..] ==> [/usr/lib]
  implicit libs: [c]
  implicit dirs: [/usr/lib/gcc/x86_64-linux-gnu/5;/usr/lib/x86_64-linux-gnu;/usr/lib;/lib/x86_64-linux-gnu;/lib]
  implicit fwks: []




Detecting C [-std=c11] compiler features compiled with the following output:
Change Dir: /home/vineesha/Documents/mraa/build/CMakeFiles/CMakeTmp

Run Build Command:"/usr/bin/make" "cmTC_d77d2/fast"
/usr/bin/make -f CMakeFiles/cmTC_d77d2.dir/build.make CMakeFiles/cmTC_d77d2.dir/build
make[1]: Entering directory '/home/vineesha/Documents/mraa/build/CMakeFiles/CMakeTmp'
Building C object CMakeFiles/cmTC_d77d2.dir/feature_tests.c.o
/usr/bin/cc    -std=c11 -o CMakeFiles/cmTC_d77d2.dir/feature_tests.c.o   -c /home/vineesha/Documents/mraa/build/CMakeFiles/feature_tests.c
Linking C executable cmTC_d77d2
/usr/bin/cmake -E cmake_link_script CMakeFiles/cmTC_d77d2.dir/link.txt --verbose=1
/usr/bin/cc       CMakeFiles/cmTC_d77d2.dir/feature_tests.c.o  -o cmTC_d77d2 -rdynamic 
make[1]: Leaving directory '/home/vineesha/Documents/mraa/build/CMakeFiles/CMakeTmp'


    Feature record: C_FEATURE:1c_function_prototypes
    Feature record: C_FEATURE:1c_restrict
    Feature record: C_FEATURE:1c_static_assert
    Feature record: C_FEATURE:1c_variadic_macros


Detecting C [-std=c99] compiler features compiled with the following output:
Change Dir: /home/vineesha/Documents/mraa/build/CMakeFiles/CMakeTmp

Run Build Command:"/usr/bin/make" "cmTC_42f55/fast"
/usr/bin/make -f CMakeFiles/cmTC_42f55.dir/build.make CMakeFiles/cmTC_42f55.dir/build
make[1]: Entering directory '/home/vineesha/Documents/mraa/build/CMakeFiles/CMakeTmp'
Building C object CMakeFiles/cmTC_42f55.dir/feature_tests.c.o
/usr/bin/cc    -std=c99 -o CMakeFiles/cmTC_42f55.dir/feature_tests.c.o   -c /home/vineesha/Documents/mraa/build/CMakeFiles/feature_tests.c
Linking C executable cmTC_42f55
/usr/bin/cmake -E cmake_link_script CMakeFiles/cmTC_42f55.dir/link.txt --verbose=1
/usr/bin/cc       CMakeFiles/cmTC_42f55.dir/feature_tests.c.o  -o cmTC_42f55 -rdynamic 
make[1]: Leaving directory '/home/vineesha/Documents/mraa/build/CMakeFiles/CMakeTmp'


    Feature record: C_FEATURE:1c_function_prototypes
    Feature record: C_FEATURE:1c_restrict
    Feature record: C_FEATURE:0c_static_assert
    Feature record: C_FEATURE:1c_variadic_macros


Detecting C [-std=c90] compiler features compiled with the following output:
Change Dir: /home/vineesha/Documents/mraa/build/CMakeFiles/CMakeTmp

Run Build Command:"/usr/bin/make" "cmTC_910f6/fast"
/usr/bin/make -f CMakeFiles/cmTC_910f6.dir/build.make CMakeFiles/cmTC_910f6.dir/build
make[1]: Entering directory '/home/vineesha/Documents/mraa/build/CMakeFiles/CMakeTmp'
Building C object CMakeFiles/cmTC_910f6.dir/feature_tests.c.o
/usr/bin/cc    -std=c90 -o CMakeFiles/cmTC_910f6.dir/feature_tests.c.o   -c /home/vineesha/Documents/mraa/build/CMakeFiles/feature_tests.c
Linking C executable cmTC_910f6
/usr/bin/cmake -E cmake_link_script CMakeFiles/cmTC_910f6.dir/link.txt --verbose=1
/usr/bin/cc       CMakeFiles/cmTC_910f6.dir/feature_tests.c.o  -o cmTC_910f6 -rdynamic 
make[1]: Leaving directory '/home/vineesha/Documents/mraa/build/CMakeFiles/CMakeTmp'


    Feature record: C_FEATURE:1c_function_prototypes
    Feature record: C_FEATURE:0c_restrict
    Feature record: C_FEATURE:0c_static_assert
    Feature record: C_FEATURE:0c_variadic_macros
Determining if the CXX compiler works passed with the following output:
Change Dir: /home/vineesha/Documents/mraa/build/CMakeFiles/CMakeTmp

Run Build Command:"/usr/bin/make" "cmTC_e50f4/fast"
/usr/bin/make -f CMakeFiles/cmTC_e50f4.dir/build.make CMakeFiles/cmTC_e50f4.dir/build
make[1]: Entering directory '/home/vineesha/Documents/mraa/build/CMakeFiles/CMakeTmp'
Building CXX object CMakeFiles/cmTC_e50f4.dir/testCXXCompiler.cxx.o
/usr/bin/c++      -o CMakeFiles/cmTC_e50f4.dir/testCXXCompiler.cxx.o -c /home/vineesha/Documents/mraa/build/CMakeFiles/CMakeTmp/testCXXCompiler.cxx
Linking CXX executable cmTC_e50f4
/usr/bin/cmake -E cmake_link_script CMakeFiles/cmTC_e50f4.dir/link.txt --verbose=1
/usr/bin/c++        CMakeFiles/cmTC_e50f4.dir/testCXXCompiler.cxx.o  -o cmTC_e50f4 -rdynamic 
make[1]: Leaving directory '/home/vineesha/Documents/mraa/build/CMakeFiles/CMakeTmp'


Detecting CXX compiler ABI info compiled with the following output:
Change Dir: /home/vineesha/Documents/mraa/build/CMakeFiles/CMakeTmp

Run Build Command:"/usr/bin/make" "cmTC_7cddb/fast"
/usr/bin/make -f CMakeFiles/cmTC_7cddb.dir/build.make CMakeFiles/cmTC_7cddb.dir/build
make[1]: Entering directory '/home/vineesha/Documents/mraa/build/CMakeFiles/CMakeTmp'
Building CXX object CMakeFiles/cmTC_7cddb.dir/CMakeCXXCompilerABI.cpp.o
/usr/bin/c++      -o CMakeFiles/cmTC_7cddb.dir/CMakeCXXCompilerABI.cpp.o -c /usr/share/cmake-3.5/Modules/CMakeCXXCompilerABI.cpp
Linking CXX executable cmTC_7cddb
/usr/bin/cmake -E cmake_link_script CMakeFiles/cmTC_7cddb.dir/link.txt --verbose=1
/usr/bin/c++       -v CMakeFiles/cmTC_7cddb.dir/CMakeCXXCompilerABI.cpp.o  -o cmTC_7cddb -rdynamic  
Using built-in specs.
COLLECT_GCC=/usr/bin/c++
COLLECT_LTO_WRAPPER=/usr/lib/gcc/x86_64-linux-gnu/5/lto-wrapper
Target: x86_64-linux-gnu
Configured with: ../src/configure -v --with-pkgversion='Ubuntu 5.4.0-6ubuntu1~16.04.12' --with-bugurl=file:///usr/share/doc/gcc-5/README.Bugs --enable-languages=c,ada,c++,java,go,d,fortran,objc,obj-c++ --prefix=/usr --program-suffix=-5 --enable-shared --enable-linker-build-id --libexecdir=/usr/lib --without-included-gettext --enable-threads=posix --libdir=/usr/lib --enable-nls --with-sysroot=/ --enable-clocale=gnu --enable-libstdcxx-debug --enable-libstdcxx-time=yes --with-default-libstdcxx-abi=new --enable-gnu-unique-object --disable-vtable-verify --enable-libmpx --enable-plugin --with-system-zlib --disable-browser-plugin --enable-java-awt=gtk --enable-gtk-cairo --with-java-home=/usr/lib/jvm/java-1.5.0-gcj-5-amd64/jre --enable-java-home --with-jvm-root-dir=/usr/lib/jvm/java-1.5.0-gcj-5-amd64 --with-jvm-jar-dir=/usr/lib/jvm-exports/java-1.5.0-gcj-5-amd64 --with-arch-directory=amd64 --with-ecj-jar=/usr/share/java/eclipse-ecj.jar --enable-objc-gc --enable-multiarch --disable-werror --with-arch-32=i686 --with-abi=m64 --with-multilib-list=m32,m64,mx32 --enable-multilib --with-tune=generic --enable-checking=release --build=x86_64-linux-gnu --host=x86_64-linux-gnu --target=x86_64-linux-gnu
Thread model: posix
gcc version 5.4.0 20160609 (Ubuntu 5.4.0-6ubuntu1~16.04.12) 
COMPILER_PATH=/usr/lib/gcc/x86_64-linux-gnu/5/:/usr/lib/gcc/x86_64-linux-gnu/5/:/usr/lib/gcc/x86_64-linux-gnu/:/usr/lib/gcc/x86_64-linux-gnu/5/:/usr/lib/gcc/x86_64-linux-gnu/
LIBRARY_PATH=/usr/lib/gcc/x86_64-linux-gnu/5/:/usr/lib/gcc/x86_64-linux-gnu/5/../../../x86_64-linux-gnu/:/usr/lib/gcc/x86_64-linux-gnu/5/../../../../lib/:/lib/x86_64-linux-gnu/:/lib/../lib/:/usr/lib/x86_64-linux-gnu/:/usr/lib/../lib/:/usr/lib/gcc/x86_64-linux-gnu/5/../../../:/lib/:/usr/lib/
COLLECT_GCC_OPTIONS='-v' '-o' 'cmTC_7cddb' '-rdynamic' '-shared-libgcc' '-mtune=generic' '-march=x86-64'
 /usr/lib/gcc/x86_64-linux-gnu/5/collect2 -plugin /usr/lib/gcc/x86_64-linux-gnu/5/liblto_plugin.so -plugin-opt=/usr/lib/gcc/x86_64-linux-gnu/5/lto-wrapper -plugin-opt=-fresolution=/tmp/ccJ4ogot.res -plugin-opt=-pass-through=-lgcc_s -plugin-opt=-pass-through=-lgcc -plugin-opt=-pass-through=-lc -plugin-opt=-pass-through=-lgcc_s -plugin-opt=-pass-through=-lgcc --sysroot=/ --build-id --eh-frame-hdr -m elf_x86_64 --hash-style=gnu --as-needed -export-dynamic -dynamic-linker /lib64/ld-linux-x86-64.so.2 -z relro -o cmTC_7cddb /usr/lib/gcc/x86_64-linux-gnu/5/../../../x86_64-linux-gnu/crt1.o /usr/lib/gcc/x86_64-linux-gnu/5/../../../x86_64-linux-gnu/crti.o /usr/lib/gcc/x86_64-linux-gnu/5/crtbegin.o -L/usr/lib/gcc/x86_64-linux-gnu/5 -L/usr/lib/gcc/x86_64-linux-gnu/5/../../../x86_64-linux-gnu -L/usr/lib/gcc/x86_64-linux-gnu/5/../../../../lib -L/lib/x86_64-linux-gnu -L/lib/../lib -L/usr/lib/x86_64-linux-gnu -L/usr/lib/../lib -L/usr/lib/gcc/x86_64-linux-gnu/5/../../.. CMakeFiles/cmTC_7cddb.dir/CMakeCXXCompilerABI.cpp.o -lstdc++ -lm -lgcc_s -lgcc -lc -lgcc_s -lgcc /usr/lib/gcc/x86_64-linux-gnu/5/crtend.o /usr/lib/gcc/x86_64-linux-gnu/5/../../../x86_64-linux-gnu/crtn.o
make[1]: Leaving directory '/home/vineesha/Documents/mraa/build/CMakeFiles/CMakeTmp'


Parsed CXX implicit link information from above output:
  link line regex: [^( *|.*[/\])(ld|([^/\]+-)?ld|collect2)[^/\]*( |$)]
  ignore line: [Change Dir: /home/vineesha/Documents/mraa/build/CMakeFiles/CMakeTmp]
  ignore line: []
  ignore line: [Run Build Command:"/usr/bin/make" "cmTC_7cddb/fast"]
  ignore line: [/usr/bin/make -f CMakeFiles/cmTC_7cddb.dir/build.make CMakeFiles/cmTC_7cddb.dir/build]
  ignore line: [make[1]: Entering directory '/home/vineesha/Documents/mraa/build/CMakeFiles/CMakeTmp']
  ignore line: [Building CXX object CMakeFiles/cmTC_7cddb.dir/CMakeCXXCompilerABI.cpp.o]
  ignore line: [/usr/bin/c++      -o CMakeFiles/cmTC_7cddb.dir/CMakeCXXCompilerABI.cpp.o -c /usr/share/cmake-3.5/Modules/CMakeCXXCompilerABI.cpp]
  ignore line: [Linking CXX executable cmTC_7cddb]
  ignore line: [/usr/bin/cmake -E cmake_link_script CMakeFiles/cmTC_7cddb.dir/link.txt --verbose=1]
  ignore line: [/usr/bin/c++       -v CMakeFiles/cmTC_7cddb.dir/CMakeCXXCompilerABI.cpp.o  -o cmTC_7cddb -rdynamic  ]
  ignore line: [Using built-in specs.]
  ignore line: [COLLECT_GCC=/usr/bin/c++]
  ignore line: [COLLECT_LTO_WRAPPER=/usr/lib/gcc/x86_64-linux-gnu/5/lto-wrapper]
  ignore line: [Target: x86_64-linux-gnu]
  ignore line: [Configured with: ../src/configure -v --with-pkgversion='Ubuntu 5.4.0-6ubuntu1~16.04.12' --with-bugurl=file:///usr/share/doc/gcc-5/README.Bugs --enable-languages=c,ada,c++,java,go,d,fortran,objc,obj-c++ --prefix=/usr --program-suffix=-5 --enable-shared --enable-linker-build-id --libexecdir=/usr/lib --without-included-gettext --enable-threads=posix --libdir=/usr/lib --enable-nls --with-sysroot=/ --enable-clocale=gnu --enable-libstdcxx-debug --enable-libstdcxx-time=yes --with-default-libstdcxx-abi=new --enable-gnu-unique-object --disable-vtable-verify --enable-libmpx --enable-plugin --with-system-zlib --disable-browser-plugin --enable-java-awt=gtk --enable-gtk-cairo --with-java-home=/usr/lib/jvm/java-1.5.0-gcj-5-amd64/jre --enable-java-home --with-jvm-root-dir=/usr/lib/jvm/java-1.5.0-gcj-5-amd64 --with-jvm-jar-dir=/usr/lib/jvm-exports/java-1.5.0-gcj-5-amd64 --with-arch-directory=amd64 --with-ecj-jar=/usr/share/java/eclipse-ecj.jar --enable-objc-gc --enable-multiarch --disable-werror --with-arch-32=i686 --with-abi=m64 --with-multilib-list=m32,m64,mx32 --enable-multilib --with-tune=generic --enable-checking=release --build=x86_64-linux-gnu --host=x86_64-linux-gnu --target=x86_64-linux-gnu]
  ignore line: [Thread model: posix]
  ignore line: [gcc version 5.4.0 20160609 (Ubuntu 5.4.0-6ubuntu1~16.04.12) ]
  ignore line: [COMPILER_PATH=/usr/lib/gcc/x86_64-linux-gnu/5/:/usr/lib/gcc/x86_64-linux-gnu/5/:/usr/lib/gcc/x86_64-linux-gnu/:/usr/lib/gcc/x86_64-linux-gnu/5/:/usr/lib/gcc/x86_64-linux-gnu/]
  ignore line: [LIBRARY_PATH=/usr/lib/gcc/x86_64-linux-gnu/5/:/usr/lib/gcc/x86_64-linux-gnu/5/../../../x86_64-linux-gnu/:/usr/lib/gcc/x86_64-linux-gnu/5/../../../../lib/:/lib/x86_64-linux-gnu/:/lib/../lib/:/usr/lib/x86_64-linux-gnu/:/usr/lib/../lib/:/usr/lib/gcc/x86_64-linux-gnu/5/../../../:/lib/:/usr/lib/]
  ignore line: [COLLECT_GCC_OPTIONS='-v' '-o' 'cmTC_7cddb' '-rdynamic' '-shared-libgcc' '-mtune=generic' '-march=x86-64']
  link line: [ /usr/lib/gcc/x86_64-linux-gnu/5/collect2 -plugin /usr/lib/gcc/x86_64-linux-gnu/5/liblto_plugin.so -plugin-opt=/usr/lib/gcc/x86_64-linux-gnu/5/lto-wrapper -plugin-opt=-fresolution=/tmp/ccJ4ogot.res -plugin-opt=-pass-through=-lgcc_s -plugin-opt=-pass-through=-lgcc -plugin-opt=-pass-through=-lc -plugin-opt=-pass-through=-lgcc_s -plugin-opt=-pass-through=-lgcc --sysroot=/ --build-id --eh-frame-hdr -m elf_x86_64 --hash-style=gnu --as-needed -export-dynamic -dynamic-linker /lib64/ld-linux-x86-64.so.2 -z relro -o cmTC_7cddb /usr/lib/gcc/x86_64-linux-gnu/5/../../../x86_64-linux-gnu/crt1.o /usr/lib/gcc/x86_64-linux-gnu/5/../../../x86_64-linux-gnu/crti.o /usr/lib/gcc/x86_64-linux-gnu/5/crtbegin.o -L/usr/lib/gcc/x86_64-linux-gnu/5 -L/usr/lib/gcc/x86_64-linux-gnu/5/../../../x86_64-linux-gnu -L/usr/lib/gcc/x86_64-linux-gnu/5/../../../../lib -L/lib/x86_64-linux-gnu -L/lib/../lib -L/usr/lib/x86_64-linux-gnu -L/usr/lib/../lib -L/usr/lib/gcc/x86_64-linux-gnu/5/../../.. CMakeFiles/cmTC_7cddb.dir/CMakeCXXCompilerABI.cpp.o -lstdc++ -lm -lgcc_s -lgcc -lc -lgcc_s -lgcc /usr/lib/gcc/x86_64-linux-gnu/5/crtend.o /usr/lib/gcc/x86_64-linux-gnu/5/../../../x86_64-linux-gnu/crtn.o]
    arg [/usr/lib/gcc/x86_64-linux-gnu/5/collect2] ==> ignore
    arg [-plugin] ==> ignore
    arg [/usr/lib/gcc/x86_64-linux-gnu/5/liblto_plugin.so] ==> ignore
    arg [-plugin-opt=/usr/lib/gcc/x86_64-linux-gnu/5/lto-wrapper] ==> ignore
    arg [-plugin-opt=-fresolution=/tmp/ccJ4ogot.res] ==> ignore
    arg [-plugin-opt=-pass-through=-lgcc_s] ==> ignore
    arg [-plugin-opt=-pass-through=-lgcc] ==> ignore
    arg [-plugin-opt=-pass-through=-lc] ==> ignore
    arg [-plugin-opt=-pass-through=-lgcc_s] ==> ignore
    arg [-plugin-opt=-pass-through=-lgcc] ==> ignore
    arg [--sysroot=/] ==> ignore
    arg [--build-id] ==> ignore
    arg [--eh-frame-hdr] ==> ignore
    arg [-m] ==> ignore
    arg [elf_x86_64] ==> ignore
    arg [--hash-style=gnu] ==> ignore
    arg [--as-needed] ==> ignore
    arg [-export-dynamic] ==> ignore
    arg [-dynamic-linker] ==> ignore
    arg [/lib64/ld-linux-x86-64.so.2] ==> ignore
    arg [-zrelro] ==> ignore
    arg [-o] ==> ignore
    arg [cmTC_7cddb] ==> ignore
    arg [/usr/lib/gcc/x86_64-linux-gnu/5/../../../x86_64-linux-gnu/crt1.o] ==> ignore
    arg [/usr/lib/gcc/x86_64-linux-gnu/5/../../../x86_64-linux-gnu/crti.o] ==> ignore
    arg [/usr/lib/gcc/x86_64-linux-gnu/5/crtbegin.o] ==> ignore
    arg [-L/usr/lib/gcc/x86_64-linux-gnu/5] ==> dir [/usr/lib/gcc/x86_64-linux-gnu/5]
    arg [-L/usr/lib/gcc/x86_64-linux-gnu/5/../../../x86_64-linux-gnu] ==> dir [/usr/lib/gcc/x86_64-linux-gnu/5/../../../x86_64-linux-gnu]
    arg [-L/usr/lib/gcc/x86_64-linux-gnu/5/../../../../lib] ==> dir [/usr/lib/gcc/x86_64-linux-gnu/5/../../../../lib]
    arg [-L/lib/x86_64-linux-gnu] ==> dir [/lib/x86_64-linux-gnu]
    arg [-L/lib/../lib] ==> dir [/lib/../lib]
    arg [-L/usr/lib/x86_64-linux-gnu] ==> dir [/usr/lib/x86_64-linux-gnu]
    arg [-L/usr/lib/../lib] ==> dir [/usr/lib/../lib]
    arg [-L/usr/lib/gcc/x86_64-linux-gnu/5/../../..] ==> dir [/usr/lib/gcc/x86_64-linux-gnu/5/../../..]
    arg [CMakeFiles/cmTC_7cddb.dir/CMakeCXXCompilerABI.cpp.o] ==> ignore
    arg [-lstdc++] ==> lib [stdc++]
    arg [-lm] ==> lib [m]
    arg [-lgcc_s] ==> lib [gcc_s]
    arg [-lgcc] ==> lib [gcc]
    arg [-lc] ==> lib [c]
    arg [-lgcc_s] ==> lib [gcc_s]
    arg [-lgcc] ==> lib [gcc]
    arg [/usr/lib/gcc/x86_64-linux-gnu/5/crtend.o] ==> ignore
    arg [/usr/lib/gcc/x86_64-linux-gnu/5/../../../x86_64-linux-gnu/crtn.o] ==> ignore
  remove lib [gcc_s]
  remove lib [gcc]
  remove lib [gcc_s]
  remove lib [gcc]
  collapse library dir [/usr/lib/gcc/x86_64-linux-gnu/5] ==> [/usr/lib/gcc/x86_64-linux-gnu/5]
  collapse library dir [/usr/lib/gcc/x86_64-linux-gnu/5/../../../x86_64-linux-gnu] ==> [/usr/lib/x86_64-linux-gnu]
  collapse library dir [/usr/lib/gcc/x86_64-linux-gnu/5/../../../../lib] ==> [/usr/lib]
  collapse library dir [/lib/x86_64-linux-gnu] ==> [/lib/x86_64-linux-gnu]
  collapse library dir [/lib/../lib] ==> [/lib]
  collapse library dir [/usr/lib/x86_64-linux-gnu] ==> [/usr/lib/x86_64-linux-gnu]
  collapse library dir [/usr/lib/../lib] ==> [/usr/lib]
  collapse library dir [/usr/lib/gcc/x86_64-linux-gnu/5/../../..] ==> [/usr/lib]
  implicit libs: [stdc++;m;c]
  implicit dirs: [/usr/lib/gcc/x86_64-linux-gnu/5;/usr/lib/x86_64-linux-gnu;/usr/lib;/lib/x86_64-linux-gnu;/lib]
  implicit fwks: []




Detecting CXX [-std=c++14] compiler features compiled with the following output:
Change Dir: /home/vineesha/Documents/mraa/build/CMakeFiles/CMakeTmp

Run Build Command:"/usr/bin/make" "cmTC_2f6eb/fast"
/usr/bin/make -f CMakeFiles/cmTC_2f6eb.dir/build.make CMakeFiles/cmTC_2f6eb.dir/build
make[1]: Entering directory '/home/vineesha/Documents/mraa/build/CMakeFiles/CMakeTmp'
Building CXX object CMakeFiles/cmTC_2f6eb.dir/feature_tests.cxx.o
/usr/bin/c++     -std=c++14 -o CMakeFiles/cmTC_2f6eb.dir/feature_tests.cxx.o -c /home/vineesha/Documents/mraa/build/CMakeFiles/feature_tests.cxx
Linking CXX executable cmTC_2f6eb
/usr/bin/cmake -E cmake_link_script CMakeFiles/cmTC_2f6eb.dir/link.txt --verbose=1
/usr/bin/c++        CMakeFiles/cmTC_2f6eb.dir/feature_tests.cxx.o  -o cmTC_2f6eb -rdynamic 
make[1]: Leaving directory '/home/vineesha/Documents/mraa/build/CMakeFiles/CMakeTmp'


    Feature record: CXX_FEATURE:1cxx_aggregate_default_initializers
    Feature record: CXX_FEATURE:1cxx_alias_templates
    Feature record: CXX_FEATURE:1cxx_alignas
    Feature record: CXX_FEATURE:1cxx_alignof
    Feature record: CXX_FEATURE:1cxx_attributes
    Feature record: CXX_FEATURE:1cxx_attribute_deprecated
    Feature record: CXX_FEATURE:1cxx_auto_type
    Feature record: CXX_FEATURE:1cxx_binary_literals
    Feature record: CXX_FEATURE:1cxx_constexpr
    Feature record: CXX_FEATURE:1cxx_contextual_conversions
    Feature record: CXX_FEATURE:1cxx_decltype
    Feature record: CXX_FEATURE:1cxx_decltype_auto
    Feature record: CXX_FEATURE:1cxx_decltype_incomplete_return_types
    Feature record: CXX_FEATURE:1cxx_default_function_template_args
    Feature record: CXX_FEATURE:1cxx_defaulted_functions
    Feature record: CXX_FEATURE:1cxx_defaulted_move_initializers
    Feature record: CXX_FEATURE:1cxx_delegating_constructors
    Feature record: CXX_FEATURE:1cxx_deleted_functions
    Feature record: CXX_FEATURE:1cxx_digit_separators
    Feature record: CXX_FEATURE:1cxx_enum_forward_declarations
    Feature record: CXX_FEATURE:1cxx_explicit_conversions
    Feature record: CXX_FEATURE:1cxx_extended_friend_declarations
    Feature record: CXX_FEATURE:1cxx_extern_templates
    Feature record: CXX_FEATURE:1cxx_final
    Feature record: CXX_FEATURE:1cxx_func_identifier
    Feature record: CXX_FEATURE:1cxx_generalized_initializers
    Feature record: CXX_FEATURE:1cxx_generic_lambdas
    Feature record: CXX_FEATURE:1cxx_inheriting_constructors
    Feature record: CXX_FEATURE:1cxx_inline_namespaces
    Feature record: CXX_FEATURE:1cxx_lambdas
    Feature record: CXX_FEATURE:1cxx_lambda_init_captures
    Feature record: CXX_FEATURE:1cxx_local_type_template_args
    Feature record: CXX_FEATURE:1cxx_long_long_type
    Feature record: CXX_FEATURE:1cxx_noexcept
    Feature record: CXX_FEATURE:1cxx_nonstatic_member_init
    Feature record: CXX_FEATURE:1cxx_nullptr
    Feature record: CXX_FEATURE:1cxx_override
    Feature record: CXX_FEATURE:1cxx_range_for
    Feature record: CXX_FEATURE:1cxx_raw_string_literals
    Feature record: CXX_FEATURE:1cxx_reference_qualified_functions
    Feature record: CXX_FEATURE:1cxx_relaxed_constexpr
    Feature record: CXX_FEATURE:1cxx_return_type_deduction
    Feature record: CXX_FEATURE:1cxx_right_angle_brackets
    Feature record: CXX_FEATURE:1cxx_rvalue_references
    Feature record: CXX_FEATURE:1cxx_sizeof_member
    Feature record: CXX_FEATURE:1cxx_static_assert
    Feature record: CXX_FEATURE:1cxx_strong_enums
    Feature record: CXX_FEATURE:1cxx_template_template_parameters
    Feature record: CXX_FEATURE:1cxx_thread_local
    Feature record: CXX_FEATURE:1cxx_trailing_return_types
    Feature record: CXX_FEATURE:1cxx_unicode_literals
    Feature record: CXX_FEATURE:1cxx_uniform_initialization
    Feature record: CXX_FEATURE:1cxx_unrestricted_unions
    Feature record: CXX_FEATURE:1cxx_user_literals
    Feature record: CXX_FEATURE:1cxx_variable_templates
    Feature record: CXX_FEATURE:1cxx_variadic_macros
    Feature record: CXX_FEATURE:1cxx_variadic_templates


Detecting CXX [-std=c++11] compiler features compiled with the following output:
Change Dir: /home/vineesha/Documents/mraa/build/CMakeFiles/CMakeTmp

Run Build Command:"/usr/bin/make" "cmTC_d9f04/fast"
/usr/bin/make -f CMakeFiles/cmTC_d9f04.dir/build.make CMakeFiles/cmTC_d9f04.dir/build
make[1]: Entering directory '/home/vineesha/Documents/mraa/build/CMakeFiles/CMakeTmp'
Building CXX object CMakeFiles/cmTC_d9f04.dir/feature_tests.cxx.o
/usr/bin/c++     -std=c++11 -o CMakeFiles/cmTC_d9f04.dir/feature_tests.cxx.o -c /home/vineesha/Documents/mraa/build/CMakeFiles/feature_tests.cxx
Linking CXX executable cmTC_d9f04
/usr/bin/cmake -E cmake_link_script CMakeFiles/cmTC_d9f04.dir/link.txt --verbose=1
/usr/bin/c++        CMakeFiles/cmTC_d9f04.dir/feature_tests.cxx.o  -o cmTC_d9f04 -rdynamic 
make[1]: Leaving directory '/home/vineesha/Documents/mraa/build/CMakeFiles/CMakeTmp'


    Feature record: CXX_FEATURE:0cxx_aggregate_default_initializers
    Feature record: CXX_FEATURE:1cxx_alias_templates
    Feature record: CXX_FEATURE:1cxx_alignas
    Feature record: CXX_FEATURE:1cxx_alignof
    Feature record: CXX_FEATURE:1cxx_attributes
    Feature record: CXX_FEATURE:0cxx_attribute_deprecated
    Feature record: CXX_FEATURE:1cxx_auto_type
    Feature record: CXX_FEATURE:0cxx_binary_literals
    Feature record: CXX_FEATURE:1cxx_constexpr
    Feature record: CXX_FEATURE:0cxx_contextual_conversions
    Feature record: CXX_FEATURE:1cxx_decltype
    Feature record: CXX_FEATURE:0cxx_decltype_auto
    Feature record: CXX_FEATURE:1cxx_decltype_incomplete_return_types
    Feature record: CXX_FEATURE:1cxx_default_function_template_args
    Feature record: CXX_FEATURE:1cxx_defaulted_functions
    Feature record: CXX_FEATURE:1cxx_defaulted_move_initializers
    Feature record: CXX_FEATURE:1cxx_delegating_constructors
    Feature record: CXX_FEATURE:1cxx_deleted_functions
    Feature record: CXX_FEATURE:0cxx_digit_separators
    Feature record: CXX_FEATURE:1cxx_enum_forward_declarations
    Feature record: CXX_FEATURE:1cxx_explicit_conversions
    Feature record: CXX_FEATURE:1cxx_extended_friend_declarations
    Feature record: CXX_FEATURE:1cxx_extern_templates
    Feature record: CXX_FEATURE:1cxx_final
    Feature record: CXX_FEATURE:1cxx_func_identifier
    Feature record: CXX_FEATURE:1cxx_generalized_initializers
    Feature record: CXX_FEATURE:0cxx_generic_lambdas
    Feature record: CXX_FEATURE:1cxx_inheriting_constructors
    Feature record: CXX_FEATURE:1cxx_inline_namespaces
    Feature record: CXX_FEATURE:1cxx_lambdas
    Feature record: CXX_FEATURE:0cxx_lambda_init_captures
    Feature record: CXX_FEATURE:1cxx_local_type_template_args
    Feature record: CXX_FEATURE:1cxx_long_long_type
    Feature record: CXX_FEATURE:1cxx_noexcept
    Feature record: CXX_FEATURE:1cxx_nonstatic_member_init
    Feature record: CXX_FEATURE:1cxx_nullptr
    Feature record: CXX_FEATURE:1cxx_override
    Feature record: CXX_FEATURE:1cxx_range_for
    Feature record: CXX_FEATURE:1cxx_raw_string_literals
    Feature record: CXX_FEATURE:1cxx_reference_qualified_functions
    Feature record: CXX_FEATURE:0cxx_relaxed_constexpr
    Feature record: CXX_FEATURE:0cxx_return_type_deduction
    Feature record: CXX_FEATURE:1cxx_right_angle_brackets
    Feature record: CXX_FEATURE:1cxx_rvalue_references
    Feature record: CXX_FEATURE:1cxx_sizeof_member
    Feature record: CXX_FEATURE:1cxx_static_assert
    Feature record: CXX_FEATURE:1cxx_strong_enums
    Feature record: CXX_FEATURE:1cxx_template_template_parameters
    Feature record: CXX_FEATURE:1cxx_thread_local
    Feature record: CXX_FEATURE:1cxx_trailing_return_types
    Feature record: CXX_FEATURE:1cxx_unicode_literals
    Feature record: CXX_FEATURE:1cxx_uniform_initialization
    Feature record: CXX_FEATURE:1cxx_unrestricted_unions
    Feature record: CXX_FEATURE:1cxx_user_literals
    Feature record: CXX_FEATURE:0cxx_variable_templates
    Feature record: CXX_FEATURE:1cxx_variadic_macros
    Feature record: CXX_FEATURE:1cxx_variadic_templates


Detecting CXX [-std=c++98] compiler features compiled with the following output:
Change Dir: /home/vineesha/Documents/mraa/build/CMakeFiles/CMakeTmp

Run Build Command:"/usr/bin/make" "cmTC_65fef/fast"
/usr/bin/make -f CMakeFiles/cmTC_65fef.dir/build.make CMakeFiles/cmTC_65fef.dir/build
make[1]: Entering directory '/home/vineesha/Documents/mraa/build/CMakeFiles/CMakeTmp'
Building CXX object CMakeFiles/cmTC_65fef.dir/feature_tests.cxx.o
/usr/bin/c++     -std=c++98 -o CMakeFiles/cmTC_65fef.dir/feature_tests.cxx.o -c /home/vineesha/Documents/mraa/build/CMakeFiles/feature_tests.cxx
Linking CXX executable cmTC_65fef
/usr/bin/cmake -E cmake_link_script CMakeFiles/cmTC_65fef.dir/link.txt --verbose=1
/usr/bin/c++        CMakeFiles/cmTC_65fef.dir/feature_tests.cxx.o  -o cmTC_65fef -rdynamic 
make[1]: Leaving directory '/home/vineesha/Documents/mraa/build/CMakeFiles/CMakeTmp'


    Feature record: CXX_FEATURE:0cxx_aggregate_default_initializers
    Feature record: CXX_FEATURE:0cxx_alias_templates
    Feature record: CXX_FEATURE:0cxx_alignas
    Feature record: CXX_FEATURE:0cxx_alignof
    Feature record: CXX_FEATURE:0cxx_attributes
    Feature record: CXX_FEATURE:0cxx_attribute_deprecated
    Feature record: CXX_FEATURE:0cxx_auto_type
    Feature record: CXX_FEATURE:0cxx_binary_literals
    Feature record: CXX_FEATURE:0cxx_constexpr
    Feature record: CXX_FEATURE:0cxx_contextual_conversions
    Feature record: CXX_FEATURE:0cxx_decltype
    Feature record: CXX_FEATURE:0cxx_decltype_auto
    Feature record: CXX_FEATURE:0cxx_decltype_incomplete_return_types
    Feature record: CXX_FEATURE:0cxx_default_function_template_args
    Feature record: CXX_FEATURE:0cxx_defaulted_functions
    Feature record: CXX_FEATURE:0cxx_defaulted_move_initializers
    Feature record: CXX_FEATURE:0cxx_delegating_constructors
    Feature record: CXX_FEATURE:0cxx_deleted_functions
    Feature record: CXX_FEATURE:0cxx_digit_separators
    Feature record: CXX_FEATURE:0cxx_enum_forward_declarations
    Feature record: CXX_FEATURE:0cxx_explicit_conversions
    Feature record: CXX_FEATURE:0cxx_extended_friend_declarations
    Feature record: CXX_FEATURE:0cxx_extern_templates
    Feature record: CXX_FEATURE:0cxx_final
    Feature record: CXX_FEATURE:0cxx_func_identifier
    Feature record: CXX_FEATURE:0cxx_generalized_initializers
    Feature record: CXX_FEATURE:0cxx_generic_lambdas
    Feature record: CXX_FEATURE:0cxx_inheriting_constructors
    Feature record: CXX_FEATURE:0cxx_inline_namespaces
    Feature record: CXX_FEATURE:0cxx_lambdas
    Feature record: CXX_FEATURE:0cxx_lambda_init_captures
    Feature record: CXX_FEATURE:0cxx_local_type_template_args
    Feature record: CXX_FEATURE:0cxx_long_long_type
    Feature record: CXX_FEATURE:0cxx_noexcept
    Feature record: CXX_FEATURE:0cxx_nonstatic_member_init
    Feature record: CXX_FEATURE:0cxx_nullptr
    Feature record: CXX_FEATURE:0cxx_override
    Feature record: CXX_FEATURE:0cxx_range_for
    Feature record: CXX_FEATURE:0cxx_raw_string_literals
    Feature record: CXX_FEATURE:0cxx_reference_qualified_functions
    Feature record: CXX_FEATURE:0cxx_relaxed_constexpr
    Feature record: CXX_FEATURE:0cxx_return_type_deduction
    Feature record: CXX_FEATURE:0cxx_right_angle_brackets
    Feature record: CXX_FEATURE:0cxx_rvalue_references
    Feature record: CXX_FEATURE:0cxx_sizeof_member
    Feature record: CXX_FEATURE:0cxx_static_assert
    Feature record: CXX_FEATURE:0cxx_strong_enums
    Feature record: CXX_FEATURE:1cxx_template_template_parameters
    Feature record: CXX_FEATURE:0cxx_thread_local
    Feature record: CXX_FEATURE:0cxx_trailing_return_types
    Feature record: CXX_FEATURE:0cxx_unicode_literals
    Feature record: CXX_FEATURE:0cxx_uniform_initialization
    Feature record: CXX_FEATURE:0cxx_unrestricted_unions
    Feature record: CXX_FEATURE:0cxx_user_literals
    Feature record: CXX_FEATURE:0cxx_variable_templates
    Feature record: CXX_FEATURE:0cxx_variadic_macros
    Feature record: CXX_FEATURE:0cxx_variadic_templates
Determining if the include file pthread.h exists passed with the following output:
Change Dir: /home/vineesha/Documents/mraa/build/CMakeFiles/CMakeTmp

Run Build Command:"/usr/bin/make" "cmTC_0841a/fast"
/usr/bin/make -f CMakeFiles/cmTC_0841a.dir/build.make CMakeFiles/cmTC_0841a.dir/build
make[1]: Entering directory '/home/vineesha/Documents/mraa/build/CMakeFiles/CMakeTmp'
Building C object CMakeFiles/cmTC_0841a.dir/CheckIncludeFile.c.o
/usr/bin/cc     -o CMakeFiles/cmTC_0841a.dir/CheckIncludeFile.c.o   -c /home/vineesha/Documents/mraa/build/CMakeFiles/CMakeTmp/CheckIncludeFile.c
Linking C executable cmTC_0841a
/usr/bin/cmake -E cmake_link_script CMakeFiles/cmTC_0841a.dir/link.txt --verbose=1
/usr/bin/cc       CMakeFiles/cmTC_0841a.dir/CheckIncludeFile.c.o  -o cmTC_0841a -rdynamic 
make[1]: Leaving directory '/home/vineesha/Documents/mraa/build/CMakeFiles/CMakeTmp'


Determining if the function pthread_create exists in the pthread passed with the following output:
Change Dir: /home/vineesha/Documents/mraa/build/CMakeFiles/CMakeTmp

Run Build Command:"/usr/bin/make" "cmTC_9c7a9/fast"
/usr/bin/make -f CMakeFiles/cmTC_9c7a9.dir/build.make CMakeFiles/cmTC_9c7a9.dir/build
make[1]: Entering directory '/home/vineesha/Documents/mraa/build/CMakeFiles/CMakeTmp'
Building C object CMakeFiles/cmTC_9c7a9.dir/CheckFunctionExists.c.o
/usr/bin/cc    -DCHECK_FUNCTION_EXISTS=pthread_create   -o CMakeFiles/cmTC_9c7a9.dir/CheckFunctionExists.c.o   -c /usr/share/cmake-3.5/Modules/CheckFunctionExists.c
Linking C executable cmTC_9c7a9
/usr/bin/cmake -E cmake_link_script CMakeFiles/cmTC_9c7a9.dir/link.txt --verbose=1
/usr/bin/cc   -DCHECK_FUNCTION_EXISTS=pthread_create    CMakeFiles/cmTC_9c7a9.dir/CheckFunctionExists.c.o  -o cmTC_9c7a9 -rdynamic -lpthread 
make[1]: Leaving directory '/home/vineesha/Documents/mraa/build/CMakeFiles/CMakeTmp'


Performing C SOURCE FILE Test HAS_C__Wall succeeded with the following output:
Change Dir: /home/vineesha/Documents/mraa/build/CMakeFiles/CMakeTmp

Run Build Command:"/usr/bin/make" "cmTC_4fdaf/fast"
/usr/bin/make -f CMakeFiles/cmTC_4fdaf.dir/build.make CMakeFiles/cmTC_4fdaf.dir/build
make[1]: Entering directory '/home/vineesha/Documents/mraa/build/CMakeFiles/CMakeTmp'
Building C object CMakeFiles/cmTC_4fdaf.dir/src.c.o
/usr/bin/cc    -DHAS_C__Wall   -Wall -o CMakeFiles/cmTC_4fdaf.dir/src.c.o   -c /home/vineesha/Documents/mraa/build/CMakeFiles/CMakeTmp/src.c
Linking C executable cmTC_4fdaf
/usr/bin/cmake -E cmake_link_script CMakeFiles/cmTC_4fdaf.dir/link.txt --verbose=1
/usr/bin/cc   -DHAS_C__Wall    CMakeFiles/cmTC_4fdaf.dir/src.c.o  -o cmTC_4fdaf -rdynamic 
make[1]: Leaving directory '/home/vineesha/Documents/mraa/build/CMakeFiles/CMakeTmp'

Source file was:
int main(void) { return 0; }
Performing C SOURCE FILE Test HAS_C__Werror_main succeeded with the following output:
Change Dir: /home/vineesha/Documents/mraa/build/CMakeFiles/CMakeTmp

Run Build Command:"/usr/bin/make" "cmTC_598c0/fast"
/usr/bin/make -f CMakeFiles/cmTC_598c0.dir/build.make CMakeFiles/cmTC_598c0.dir/build
make[1]: Entering directory '/home/vineesha/Documents/mraa/build/CMakeFiles/CMakeTmp'
Building C object CMakeFiles/cmTC_598c0.dir/src.c.o
/usr/bin/cc    -Wall -DHAS_C__Werror_main   -Werror=main -o CMakeFiles/cmTC_598c0.dir/src.c.o   -c /home/vineesha/Documents/mraa/build/CMakeFiles/CMakeTmp/src.c
Linking C executable cmTC_598c0
/usr/bin/cmake -E cmake_link_script CMakeFiles/cmTC_598c0.dir/link.txt --verbose=1
/usr/bin/cc   -Wall -DHAS_C__Werror_main    CMakeFiles/cmTC_598c0.dir/src.c.o  -o cmTC_598c0 -rdynamic 
make[1]: Leaving directory '/home/vineesha/Documents/mraa/build/CMakeFiles/CMakeTmp'

Source file was:
int main(void) { return 0; }
Performing C SOURCE FILE Test HAS_C__Wformat succeeded with the following output:
Change Dir: /home/vineesha/Documents/mraa/build/CMakeFiles/CMakeTmp

Run Build Command:"/usr/bin/make" "cmTC_817d0/fast"
/usr/bin/make -f CMakeFiles/cmTC_817d0.dir/build.make CMakeFiles/cmTC_817d0.dir/build
make[1]: Entering directory '/home/vineesha/Documents/mraa/build/CMakeFiles/CMakeTmp'
Building C object CMakeFiles/cmTC_817d0.dir/src.c.o
/usr/bin/cc    -Wall -Werror=main -DHAS_C__Wformat   -Wformat -o CMakeFiles/cmTC_817d0.dir/src.c.o   -c /home/vineesha/Documents/mraa/build/CMakeFiles/CMakeTmp/src.c
Linking C executable cmTC_817d0
/usr/bin/cmake -E cmake_link_script CMakeFiles/cmTC_817d0.dir/link.txt --verbose=1
/usr/bin/cc   -Wall -Werror=main -DHAS_C__Wformat    CMakeFiles/cmTC_817d0.dir/src.c.o  -o cmTC_817d0 -rdynamic 
make[1]: Leaving directory '/home/vineesha/Documents/mraa/build/CMakeFiles/CMakeTmp'

Source file was:
int main(void) { return 0; }
Performing C SOURCE FILE Test HAS_C__Wmain succeeded with the following output:
Change Dir: /home/vineesha/Documents/mraa/build/CMakeFiles/CMakeTmp

Run Build Command:"/usr/bin/make" "cmTC_79ee1/fast"
/usr/bin/make -f CMakeFiles/cmTC_79ee1.dir/build.make CMakeFiles/cmTC_79ee1.dir/build
make[1]: Entering directory '/home/vineesha/Documents/mraa/build/CMakeFiles/CMakeTmp'
Building C object CMakeFiles/cmTC_79ee1.dir/src.c.o
/usr/bin/cc    -Wall -Werror=main -Wformat -DHAS_C__Wmain   -Wmain -o CMakeFiles/cmTC_79ee1.dir/src.c.o   -c /home/vineesha/Documents/mraa/build/CMakeFiles/CMakeTmp/src.c
Linking C executable cmTC_79ee1
/usr/bin/cmake -E cmake_link_script CMakeFiles/cmTC_79ee1.dir/link.txt --verbose=1
/usr/bin/cc   -Wall -Werror=main -Wformat -DHAS_C__Wmain    CMakeFiles/cmTC_79ee1.dir/src.c.o  -o cmTC_79ee1 -rdynamic 
make[1]: Leaving directory '/home/vineesha/Documents/mraa/build/CMakeFiles/CMakeTmp'

Source file was:
int main(void) { return 0; }
Performing C SOURCE FILE Test HAS_C__Wuninitialized succeeded with the following output:
Change Dir: /home/vineesha/Documents/mraa/build/CMakeFiles/CMakeTmp

Run Build Command:"/usr/bin/make" "cmTC_4eca5/fast"
/usr/bin/make -f CMakeFiles/cmTC_4eca5.dir/build.make CMakeFiles/cmTC_4eca5.dir/build
make[1]: Entering directory '/home/vineesha/Documents/mraa/build/CMakeFiles/CMakeTmp'
Building C object CMakeFiles/cmTC_4eca5.dir/src.c.o
/usr/bin/cc    -Wall -Werror=main -Wformat -Wmain -DHAS_C__Wuninitialized   -Wuninitialized -o CMakeFiles/cmTC_4eca5.dir/src.c.o   -c /home/vineesha/Documents/mraa/build/CMakeFiles/CMakeTmp/src.c
Linking C executable cmTC_4eca5
/usr/bin/cmake -E cmake_link_script CMakeFiles/cmTC_4eca5.dir/link.txt --verbose=1
/usr/bin/cc   -Wall -Werror=main -Wformat -Wmain -DHAS_C__Wuninitialized    CMakeFiles/cmTC_4eca5.dir/src.c.o  -o cmTC_4eca5 -rdynamic 
make[1]: Leaving directory '/home/vineesha/Documents/mraa/build/CMakeFiles/CMakeTmp'

Source file was:
int main(void) { return 0; }
Performing C SOURCE FILE Test HAS_C__Winit_self succeeded with the following output:
Change Dir: /home/vineesha/Documents/mraa/build/CMakeFiles/CMakeTmp

Run Build Command:"/usr/bin/make" "cmTC_81dfe/fast"
/usr/bin/make -f CMakeFiles/cmTC_81dfe.dir/build.make CMakeFiles/cmTC_81dfe.dir/build
make[1]: Entering directory '/home/vineesha/Documents/mraa/build/CMakeFiles/CMakeTmp'
Building C object CMakeFiles/cmTC_81dfe.dir/src.c.o
/usr/bin/cc    -Wall -Werror=main -Wformat -Wmain -Wuninitialized -DHAS_C__Winit_self   -Winit-self -o CMakeFiles/cmTC_81dfe.dir/src.c.o   -c /home/vineesha/Documents/mraa/build/CMakeFiles/CMakeTmp/src.c
Linking C executable cmTC_81dfe
/usr/bin/cmake -E cmake_link_script CMakeFiles/cmTC_81dfe.dir/link.txt --verbose=1
/usr/bin/cc   -Wall -Werror=main -Wformat -Wmain -Wuninitialized -DHAS_C__Winit_self    CMakeFiles/cmTC_81dfe.dir/src.c.o  -o cmTC_81dfe -rdynamic 
make[1]: Leaving directory '/home/vineesha/Documents/mraa/build/CMakeFiles/CMakeTmp'

Source file was:
int main(void) { return 0; }
Performing C SOURCE FILE Test HAS_C__Werror_implicit succeeded with the following output:
Change Dir: /home/vineesha/Documents/mraa/build/CMakeFiles/CMakeTmp

Run Build Command:"/usr/bin/make" "cmTC_bc625/fast"
/usr/bin/make -f CMakeFiles/cmTC_bc625.dir/build.make CMakeFiles/cmTC_bc625.dir/build
make[1]: Entering directory '/home/vineesha/Documents/mraa/build/CMakeFiles/CMakeTmp'
Building C object CMakeFiles/cmTC_bc625.dir/src.c.o
/usr/bin/cc    -Wall -Werror=main -Wformat -Wmain -Wuninitialized -Winit-self -DHAS_C__Werror_implicit   -Werror=implicit -o CMakeFiles/cmTC_bc625.dir/src.c.o   -c /home/vineesha/Documents/mraa/build/CMakeFiles/CMakeTmp/src.c
Linking C executable cmTC_bc625
/usr/bin/cmake -E cmake_link_script CMakeFiles/cmTC_bc625.dir/link.txt --verbose=1
/usr/bin/cc   -Wall -Werror=main -Wformat -Wmain -Wuninitialized -Winit-self -DHAS_C__Werror_implicit    CMakeFiles/cmTC_bc625.dir/src.c.o  -o cmTC_bc625 -rdynamic 
make[1]: Leaving directory '/home/vineesha/Documents/mraa/build/CMakeFiles/CMakeTmp'

Source file was:
int main(void) { return 0; }
Performing C SOURCE FILE Test HAS_C__Werror_missing_parameter_type succeeded with the following output:
Change Dir: /home/vineesha/Documents/mraa/build/CMakeFiles/CMakeTmp

Run Build Command:"/usr/bin/make" "cmTC_2a00e/fast"
/usr/bin/make -f CMakeFiles/cmTC_2a00e.dir/build.make CMakeFiles/cmTC_2a00e.dir/build
make[1]: Entering directory '/home/vineesha/Documents/mraa/build/CMakeFiles/CMakeTmp'
Building C object CMakeFiles/cmTC_2a00e.dir/src.c.o
/usr/bin/cc    -Wall -Werror=main -Wformat -Wmain -Wuninitialized -Winit-self -Werror=implicit -DHAS_C__Werror_missing_parameter_type   -Werror=missing-parameter-type -o CMakeFiles/cmTC_2a00e.dir/src.c.o   -c /home/vineesha/Documents/mraa/build/CMakeFiles/CMakeTmp/src.c
Linking C executable cmTC_2a00e
/usr/bin/cmake -E cmake_link_script CMakeFiles/cmTC_2a00e.dir/link.txt --verbose=1
/usr/bin/cc   -Wall -Werror=main -Wformat -Wmain -Wuninitialized -Winit-self -Werror=implicit -DHAS_C__Werror_missing_parameter_type    CMakeFiles/cmTC_2a00e.dir/src.c.o  -o cmTC_2a00e -rdynamic 
make[1]: Leaving directory '/home/vineesha/Documents/mraa/build/CMakeFiles/CMakeTmp'

Source file was:
int main(void) { return 0; }
Performing C++ SOURCE FILE Test HAS_CXX__Wall succeeded with the following output:
Change Dir: /home/vineesha/Documents/mraa/build/CMakeFiles/CMakeTmp

Run Build Command:"/usr/bin/make" "cmTC_388ce/fast"
/usr/bin/make -f CMakeFiles/cmTC_388ce.dir/build.make CMakeFiles/cmTC_388ce.dir/build
make[1]: Entering directory '/home/vineesha/Documents/mraa/build/CMakeFiles/CMakeTmp'
Building CXX object CMakeFiles/cmTC_388ce.dir/src.cxx.o
/usr/bin/c++     -DHAS_CXX__Wall   -Wall -o CMakeFiles/cmTC_388ce.dir/src.cxx.o -c /home/vineesha/Documents/mraa/build/CMakeFiles/CMakeTmp/src.cxx
Linking CXX executable cmTC_388ce
/usr/bin/cmake -E cmake_link_script CMakeFiles/cmTC_388ce.dir/link.txt --verbose=1
/usr/bin/c++    -DHAS_CXX__Wall    CMakeFiles/cmTC_388ce.dir/src.cxx.o  -o cmTC_388ce -rdynamic 
make[1]: Leaving directory '/home/vineesha/Documents/mraa/build/CMakeFiles/CMakeTmp'

Source file was:
int main() { return 0; }
Performing C++ SOURCE FILE Test HAS_CXX__Werror_main succeeded with the following output:
Change Dir: /home/vineesha/Documents/mraa/build/CMakeFiles/CMakeTmp

Run Build Command:"/usr/bin/make" "cmTC_598f9/fast"
/usr/bin/make -f CMakeFiles/cmTC_598f9.dir/build.make CMakeFiles/cmTC_598f9.dir/build
make[1]: Entering directory '/home/vineesha/Documents/mraa/build/CMakeFiles/CMakeTmp'
Building CXX object CMakeFiles/cmTC_598f9.dir/src.cxx.o
/usr/bin/c++     -Wall -DHAS_CXX__Werror_main   -Werror=main -o CMakeFiles/cmTC_598f9.dir/src.cxx.o -c /home/vineesha/Documents/mraa/build/CMakeFiles/CMakeTmp/src.cxx
Linking CXX executable cmTC_598f9
/usr/bin/cmake -E cmake_link_script CMakeFiles/cmTC_598f9.dir/link.txt --verbose=1
/usr/bin/c++    -Wall -DHAS_CXX__Werror_main    CMakeFiles/cmTC_598f9.dir/src.cxx.o  -o cmTC_598f9 -rdynamic 
make[1]: Leaving directory '/home/vineesha/Documents/mraa/build/CMakeFiles/CMakeTmp'

Source file was:
int main() { return 0; }
Performing C++ SOURCE FILE Test HAS_CXX__Wformat succeeded with the following output:
Change Dir: /home/vineesha/Documents/mraa/build/CMakeFiles/CMakeTmp

Run Build Command:"/usr/bin/make" "cmTC_986ab/fast"
/usr/bin/make -f CMakeFiles/cmTC_986ab.dir/build.make CMakeFiles/cmTC_986ab.dir/build
make[1]: Entering directory '/home/vineesha/Documents/mraa/build/CMakeFiles/CMakeTmp'
Building CXX object CMakeFiles/cmTC_986ab.dir/src.cxx.o
/usr/bin/c++     -Wall -Werror=main -DHAS_CXX__Wformat   -Wformat -o CMakeFiles/cmTC_986ab.dir/src.cxx.o -c /home/vineesha/Documents/mraa/build/CMakeFiles/CMakeTmp/src.cxx
Linking CXX executable cmTC_986ab
/usr/bin/cmake -E cmake_link_script CMakeFiles/cmTC_986ab.dir/link.txt --verbose=1
/usr/bin/c++    -Wall -Werror=main -DHAS_CXX__Wformat    CMakeFiles/cmTC_986ab.dir/src.cxx.o  -o cmTC_986ab -rdynamic 
make[1]: Leaving directory '/home/vineesha/Documents/mraa/build/CMakeFiles/CMakeTmp'

Source file was:
int main() { return 0; }
Performing C++ SOURCE FILE Test HAS_CXX__Wmain succeeded with the following output:
Change Dir: /home/vineesha/Documents/mraa/build/CMakeFiles/CMakeTmp

Run Build Command:"/usr/bin/make" "cmTC_8dd4e/fast"
/usr/bin/make -f CMakeFiles/cmTC_8dd4e.dir/build.make CMakeFiles/cmTC_8dd4e.dir/build
make[1]: Entering directory '/home/vineesha/Documents/mraa/build/CMakeFiles/CMakeTmp'
Building CXX object CMakeFiles/cmTC_8dd4e.dir/src.cxx.o
/usr/bin/c++     -Wall -Werror=main -Wformat -DHAS_CXX__Wmain   -Wmain -o CMakeFiles/cmTC_8dd4e.dir/src.cxx.o -c /home/vineesha/Documents/mraa/build/CMakeFiles/CMakeTmp/src.cxx
Linking CXX executable cmTC_8dd4e
/usr/bin/cmake -E cmake_link_script CMakeFiles/cmTC_8dd4e.dir/link.txt --verbose=1
/usr/bin/c++    -Wall -Werror=main -Wformat -DHAS_CXX__Wmain    CMakeFiles/cmTC_8dd4e.dir/src.cxx.o  -o cmTC_8dd4e -rdynamic 
make[1]: Leaving directory '/home/vineesha/Documents/mraa/build/CMakeFiles/CMakeTmp'

Source file was:
int main() { return 0; }
Performing C++ SOURCE FILE Test HAS_CXX__Wuninitialized succeeded with the following output:
Change Dir: /home/vineesha/Documents/mraa/build/CMakeFiles/CMakeTmp

Run Build Command:"/usr/bin/make" "cmTC_620f6/fast"
/usr/bin/make -f CMakeFiles/cmTC_620f6.dir/build.make CMakeFiles/cmTC_620f6.dir/build
make[1]: Entering directory '/home/vineesha/Documents/mraa/build/CMakeFiles/CMakeTmp'
Building CXX object CMakeFiles/cmTC_620f6.dir/src.cxx.o
/usr/bin/c++     -Wall -Werror=main -Wformat -Wmain -DHAS_CXX__Wuninitialized   -Wuninitialized -o CMakeFiles/cmTC_620f6.dir/src.cxx.o -c /home/vineesha/Documents/mraa/build/CMakeFiles/CMakeTmp/src.cxx
Linking CXX executable cmTC_620f6
/usr/bin/cmake -E cmake_link_script CMakeFiles/cmTC_620f6.dir/link.txt --verbose=1
/usr/bin/c++    -Wall -Werror=main -Wformat -Wmain -DHAS_CXX__Wuninitialized    CMakeFiles/cmTC_620f6.dir/src.cxx.o  -o cmTC_620f6 -rdynamic 
make[1]: Leaving directory '/home/vineesha/Documents/mraa/build/CMakeFiles/CMakeTmp'

Source file was:
int main() { return 0; }
Performing C++ SOURCE FILE Test HAS_CXX__Winit_self succeeded with the following output:
Change Dir: /home/vineesha/Documents/mraa/build/CMakeFiles/CMakeTmp

Run Build Command:"/usr/bin/make" "cmTC_785fd/fast"
/usr/bin/make -f CMakeFiles/cmTC_785fd.dir/build.make CMakeFiles/cmTC_785fd.dir/build
make[1]: Entering directory '/home/vineesha/Documents/mraa/build/CMakeFiles/CMakeTmp'
Building CXX object CMakeFiles/cmTC_785fd.dir/src.cxx.o
/usr/bin/c++     -Wall -Werror=main -Wformat -Wmain -Wuninitialized -DHAS_CXX__Winit_self   -Winit-self -o CMakeFiles/cmTC_785fd.dir/src.cxx.o -c /home/vineesha/Documents/mraa/build/CMakeFiles/CMakeTmp/src.cxx
Linking CXX executable cmTC_785fd
/usr/bin/cmake -E cmake_link_script CMakeFiles/cmTC_785fd.dir/link.txt --verbose=1
/usr/bin/c++    -Wall -Werror=main -Wformat -Wmain -Wuninitialized -DHAS_CXX__Winit_self    CMakeFiles/cmTC_785fd.dir/src.cxx.o  -o cmTC_785fd -rdynamic 
make[1]: Leaving directory '/home/vineesha/Documents/mraa/build/CMakeFiles/CMakeTmp'

Source file was:
int main() { return 0; }
Performing C++ SOURCE FILE Test HAS_CXX__Wnon_virtual_dtor succeeded with the following output:
Change Dir: /home/vineesha/Documents/mraa/build/CMakeFiles/CMakeTmp

Run Build Command:"/usr/bin/make" "cmTC_d90d5/fast"
/usr/bin/make -f CMakeFiles/cmTC_d90d5.dir/build.make CMakeFiles/cmTC_d90d5.dir/build
make[1]: Entering directory '/home/vineesha/Documents/mraa/build/CMakeFiles/CMakeTmp'
Building CXX object CMakeFiles/cmTC_d90d5.dir/src.cxx.o
/usr/bin/c++     -Wall -Werror=main -Wformat -Wmain -Wuninitialized -Winit-self -DHAS_CXX__Wnon_virtual_dtor   -Wnon-virtual-dtor -o CMakeFiles/cmTC_d90d5.dir/src.cxx.o -c /home/vineesha/Documents/mraa/build/CMakeFiles/CMakeTmp/src.cxx
Linking CXX executable cmTC_d90d5
/usr/bin/cmake -E cmake_link_script CMakeFiles/cmTC_d90d5.dir/link.txt --verbose=1
/usr/bin/c++    -Wall -Werror=main -Wformat -Wmain -Wuninitialized -Winit-self -DHAS_CXX__Wnon_virtual_dtor    CMakeFiles/cmTC_d90d5.dir/src.cxx.o  -o cmTC_d90d5 -rdynamic 
make[1]: Leaving directory '/home/vineesha/Documents/mraa/build/CMakeFiles/CMakeTmp'

Source file was:
int main() { return 0; }
Performing C++ SOURCE FILE Test HAS_CXX__Woverloaded_virtual succeeded with the following output:
Change Dir: /home/vineesha/Documents/mraa/build/CMakeFiles/CMakeTmp

Run Build Command:"/usr/bin/make" "cmTC_f0ba5/fast"
/usr/bin/make -f CMakeFiles/cmTC_f0ba5.dir/build.make CMakeFiles/cmTC_f0ba5.dir/build
make[1]: Entering directory '/home/vineesha/Documents/mraa/build/CMakeFiles/CMakeTmp'
Building CXX object CMakeFiles/cmTC_f0ba5.dir/src.cxx.o
/usr/bin/c++     -Wall -Werror=main -Wformat -Wmain -Wuninitialized -Winit-self -Wnon-virtual-dtor -DHAS_CXX__Woverloaded_virtual   -Woverloaded-virtual -o CMakeFiles/cmTC_f0ba5.dir/src.cxx.o -c /home/vineesha/Documents/mraa/build/CMakeFiles/CMakeTmp/src.cxx
Linking CXX executable cmTC_f0ba5
/usr/bin/cmake -E cmake_link_script CMakeFiles/cmTC_f0ba5.dir/link.txt --verbose=1
/usr/bin/c++    -Wall -Werror=main -Wformat -Wmain -Wuninitialized -Winit-self -Wnon-virtual-dtor -DHAS_CXX__Woverloaded_virtual    CMakeFiles/cmTC_f0ba5.dir/src.cxx.o  -o cmTC_f0ba5 -rdynamic 
make[1]: Leaving directory '/home/vineesha/Documents/mraa/build/CMakeFiles/CMakeTmp'

Source file was:
int main() { return 0; }
Performing C++ SOURCE FILE Test HAS_CXX__Wreorder succeeded with the following output:
Change Dir: /home/vineesha/Documents/mraa/build/CMakeFiles/CMakeTmp

Run Build Command:"/usr/bin/make" "cmTC_6d4e9/fast"
/usr/bin/make -f CMakeFiles/cmTC_6d4e9.dir/build.make CMakeFiles/cmTC_6d4e9.dir/build
make[1]: Entering directory '/home/vineesha/Documents/mraa/build/CMakeFiles/CMakeTmp'
Building CXX object CMakeFiles/cmTC_6d4e9.dir/src.cxx.o
/usr/bin/c++     -Wall -Werror=main -Wformat -Wmain -Wuninitialized -Winit-self -Wnon-virtual-dtor -Woverloaded-virtual -DHAS_CXX__Wreorder   -Wreorder -o CMakeFiles/cmTC_6d4e9.dir/src.cxx.o -c /home/vineesha/Documents/mraa/build/CMakeFiles/CMakeTmp/src.cxx
Linking CXX executable cmTC_6d4e9
/usr/bin/cmake -E cmake_link_script CMakeFiles/cmTC_6d4e9.dir/link.txt --verbose=1
/usr/bin/c++    -Wall -Werror=main -Wformat -Wmain -Wuninitialized -Winit-self -Wnon-virtual-dtor -Woverloaded-virtual -DHAS_CXX__Wreorder    CMakeFiles/cmTC_6d4e9.dir/src.cxx.o  -o cmTC_6d4e9 -rdynamic 
make[1]: Leaving directory '/home/vineesha/Documents/mraa/build/CMakeFiles/CMakeTmp'

Source file was:
int main() { return 0; }
